vitamio/build/intermediates/manifest_merge_blame_file/debug/manifest-merger-blame-debug-report.txt
1<?xml version="1.0" encoding="utf-8"?>
2<manifest xmlns:android="http://schemas.android.com/apk/res/android"
3    package="io.vov.vitamio"
4    android:versionCode="400"
5    android:versionName="4.0" >
6
7    <uses-permission android:name="android.permission.WAKE_LOCK" />
7-->src\main\AndroidManifest.xml:7:5-68
7-->src\main\AndroidManifest.xml:7:22-65
8    <uses-permission android:name="android.permission.INTERNET" />
8-->src\main\AndroidManifest.xml:8:5-67
8-->src\main\AndroidManifest.xml:8:22-64
9    <uses-permission android:name="android.permission.ACCESS_NETWORK_STATE" />
9-->src\main\AndroidManifest.xml:9:5-79
9-->src\main\AndroidManifest.xml:9:22-76
10
11    <application>
11-->src\main\AndroidManifest.xml:11:5-18:19
12        <activity
12-->src\main\AndroidManifest.xml:12:9-17:62
13            android:name="io.vov.vitamio.activity.InitActivity"
13-->src\main\AndroidManifest.xml:13:13-64
14            android:configChanges="orientation|screenSize|smallestScreenSize|keyboard|keyboardHidden|navigation"
14-->src\main\AndroidManifest.xml:14:13-113
15            android:launchMode="singleTop"
15-->src\main\AndroidManifest.xml:15:13-43
16            android:theme="@android:style/Theme.NoTitleBar"
16-->src\main\AndroidManifest.xml:16:13-60
17            android:windowSoftInputMode="stateAlwaysHidden" />
17-->src\main\AndroidManifest.xml:17:13-60
18    </application>
19
20</manifest>